<?xml version="1.0" encoding="UTF-8"?>
<!-- Generated by org.testng.reporters.JUnitXMLReporter -->
<testsuite ignored="0" hostname="Kseniaplehova" failures="0" tests="196" name="Command line test" time="2.852" errors="0" timestamp="2026-05-27T23:05:09 MSK">
  <testcase classname="by.bsu.fitness.entity.ClientTest" name="testEqualsIdenticalClients" time="0.013"/>
  <testcase classname="by.bsu.fitness.entity.ClientTest" name="testGetIdReturnsCorrectValue" time="0.001"/>
  <testcase classname="by.bsu.fitness.entity.ClientTest" name="testGetNameReturnsCorrectValue" time="0.001"/>
  <testcase classname="by.bsu.fitness.entity.ClientTest" name="testGetPhoneReturnsCorrectValue" time="0.001"/>
  <testcase classname="by.bsu.fitness.entity.ClientTest" name="testHashCodeConsistentWithEquals" time="0.002"/>
  <testcase classname="by.bsu.fitness.entity.ClientTest" name="testNotEqualsDifferentId" time="0.002"/>
  <testcase classname="by.bsu.fitness.entity.ClientTest" name="testSetNameUpdatesName" time="0.002"/>
  <testcase classname="by.bsu.fitness.entity.ClientTest" name="testSetPhoneUpdatesPhone" time="0.002"/>
  <testcase classname="by.bsu.fitness.entity.ClientTest" name="testToStringContainsId" time="0.001"/>
  <testcase classname="by.bsu.fitness.entity.ClientTest" name="testToStringNotNull" time="0.001"/>
  <testcase classname="by.bsu.fitness.entity.SubscriptionTest" name="testEqualsIdenticalSubscriptions" time="0.001"/>
  <testcase classname="by.bsu.fitness.entity.SubscriptionTest" name="testGetClientIdReturnsCorrectValue" time="0.001"/>
  <testcase classname="by.bsu.fitness.entity.SubscriptionTest" name="testGetEndDateReturnsCorrectValue" time="0.001"/>
  <testcase classname="by.bsu.fitness.entity.SubscriptionTest" name="testGetIdReturnsCorrectValue" time="0.0"/>
  <testcase classname="by.bsu.fitness.entity.SubscriptionTest" name="testGetStartDateReturnsCorrectValue" time="0.0"/>
  <testcase classname="by.bsu.fitness.entity.SubscriptionTest" name="testGetStateReturnsActive" time="0.002"/>
  <testcase classname="by.bsu.fitness.entity.SubscriptionTest" name="testGetTypeReturnsCorrectValue" time="0.0"/>
  <testcase classname="by.bsu.fitness.entity.SubscriptionTest" name="testHashCodeConsistentWithEquals" time="0.002"/>
  <testcase classname="by.bsu.fitness.entity.SubscriptionTest" name="testNotEqualsDifferentId" time="0.002"/>
  <testcase classname="by.bsu.fitness.entity.SubscriptionTest" name="testSetStateExpired" time="0.001"/>
  <testcase classname="by.bsu.fitness.entity.SubscriptionTest" name="testSetStateFrozen" time="0.002"/>
  <testcase classname="by.bsu.fitness.entity.SubscriptionTest" name="testToStringNotNull" time="0.0"/>
  <testcase classname="by.bsu.fitness.entity.TrainingTest" name="testEqualsIdenticalTrainings" time="0.001"/>
  <testcase classname="by.bsu.fitness.entity.TrainingTest" name="testGetClientIdReturnsCorrectValue" time="0.0"/>
  <testcase classname="by.bsu.fitness.entity.TrainingTest" name="testGetCoachNameReturnsCorrectValue" time="0.001"/>
  <testcase classname="by.bsu.fitness.entity.TrainingTest" name="testGetDateTimeReturnsCorrectValue" time="0.001"/>
  <testcase classname="by.bsu.fitness.entity.TrainingTest" name="testGetDurationMinutesReturnsCorrectValue" time="0.001"/>
  <testcase classname="by.bsu.fitness.entity.TrainingTest" name="testGetIdReturnsCorrectValue" time="0.001"/>
  <testcase classname="by.bsu.fitness.entity.TrainingTest" name="testGetStatePlanned" time="0.0"/>
  <testcase classname="by.bsu.fitness.entity.TrainingTest" name="testGetTypeGroup" time="0.001"/>
  <testcase classname="by.bsu.fitness.entity.TrainingTest" name="testHashCodeConsistentWithEquals" time="0.001"/>
  <testcase classname="by.bsu.fitness.entity.TrainingTest" name="testNotEqualsDifferentId" time="0.001"/>
  <testcase classname="by.bsu.fitness.entity.TrainingTest" name="testSetStateActive" time="0.001"/>
  <testcase classname="by.bsu.fitness.entity.TrainingTest" name="testSetStateCanceled" time="0.001"/>
  <testcase classname="by.bsu.fitness.entity.TrainingTest" name="testSetStateFinished" time="0.001"/>
  <testcase classname="by.bsu.fitness.entity.TrainingTest" name="testToStringNotNull" time="0.0"/>
  <testcase classname="by.bsu.fitness.exception.ExceptionTest" name="testFitnessExceptionCause" time="0.002"/>
  <testcase classname="by.bsu.fitness.exception.ExceptionTest" name="testFitnessExceptionIsException" time="0.002"/>
  <testcase classname="by.bsu.fitness.exception.ExceptionTest" name="testFitnessExceptionMessage" time="0.001"/>
  <testcase classname="by.bsu.fitness.exception.ExceptionTest" name="testRepositoryExceptionIsFitnessException" time="0.001"/>
  <testcase classname="by.bsu.fitness.exception.ExceptionTest" name="testRepositoryExceptionMessage" time="0.002"/>
  <testcase classname="by.bsu.fitness.exception.ExceptionTest" name="testRepositoryExceptionWithCause" time="0.002"/>
  <testcase classname="by.bsu.fitness.exception.ExceptionTest" name="testServiceExceptionIsFitnessException" time="0.002"/>
  <testcase classname="by.bsu.fitness.exception.ExceptionTest" name="testServiceExceptionMessage" time="0.001"/>
  <testcase classname="by.bsu.fitness.exception.ExceptionTest" name="testServiceExceptionWithCause" time="0.001"/>
  <testcase classname="by.bsu.fitness.exception.ExceptionTest" name="testValidationExceptionIsFitnessException" time="0.003"/>
  <testcase classname="by.bsu.fitness.exception.ExceptionTest" name="testValidationExceptionMessage" time="0.001"/>
  <testcase classname="by.bsu.fitness.exception.ExceptionTest" name="testValidationExceptionWithCause" time="0.001"/>
  <testcase classname="by.bsu.fitness.factory.SubscriptionFactoryTest" name="testCreateFromSupplierEmptyForNullSupplier" time="0.005"/>
  <testcase classname="by.bsu.fitness.factory.SubscriptionFactoryTest" name="testCreateFromSupplierIsPresentForValidParams" time="0.008"/>
  <testcase classname="by.bsu.fitness.factory.SubscriptionFactoryTest" name="testCreateFromSupplierUsesProvidedType" time="0.004"/>
  <testcase classname="by.bsu.fitness.factory.SubscriptionFactoryTest" name="testCreateSubscriptionClientIdSet" time="0.003"/>
  <testcase classname="by.bsu.fitness.factory.SubscriptionFactoryTest" name="testCreateSubscriptionEmptyForNegativeClientId" time="0.001"/>
  <testcase classname="by.bsu.fitness.factory.SubscriptionFactoryTest" name="testCreateSubscriptionEmptyForNullType" time="0.003"/>
  <testcase classname="by.bsu.fitness.factory.SubscriptionFactoryTest" name="testCreateSubscriptionEmptyForZeroClientId" time="0.001"/>
  <testcase classname="by.bsu.fitness.factory.SubscriptionFactoryTest" name="testCreateSubscriptionIsPresentForValidParams" time="0.004"/>
  <testcase classname="by.bsu.fitness.factory.SubscriptionFactoryTest" name="testCreateSubscriptionIsPresentForValidParams" time="0.002"/>
  <testcase classname="by.bsu.fitness.factory.SubscriptionFactoryTest" name="testCreateSubscriptionIsPresentForValidParams" time="0.002"/>
  <testcase classname="by.bsu.fitness.factory.SubscriptionFactoryTest" name="testCreateSubscriptionMonthlyEndDate" time="0.002"/>
  <testcase classname="by.bsu.fitness.factory.SubscriptionFactoryTest" name="testCreateSubscriptionStateIsActive" time="0.003"/>
  <testcase classname="by.bsu.fitness.factory.SubscriptionFactoryTest" name="testCreateSubscriptionVisitBasedEndDate" time="0.002"/>
  <testcase classname="by.bsu.fitness.factory.SubscriptionFactoryTest" name="testCreateSubscriptionYearlyEndDate" time="0.002"/>
  <testcase classname="by.bsu.fitness.factory.SubscriptionFactoryTest" name="testToSupplierWithTypeGetReturnsInvalidForBadClientId" time="0.015"/>
  <testcase classname="by.bsu.fitness.factory.SubscriptionFactoryTest" name="testToSupplierWithTypeGetReturnsPresent" time="0.001"/>
  <testcase classname="by.bsu.fitness.factory.SubscriptionFactoryTest" name="testToSupplierWithTypeNotNull" time="0.001"/>
  <testcase classname="by.bsu.fitness.factory.SubscriptionFactoryTest" name="testToSupplierWithTypeSupplierGetReturnsPresent" time="0.008"/>
  <testcase classname="by.bsu.fitness.factory.SubscriptionFactoryTest" name="testToSupplierWithTypeSupplierNotNull" time="0.002"/>
  <testcase classname="by.bsu.fitness.factory.TrainingBuilderTest" name="testBuilderAsSupplierReturnsTraining" time="0.015"/>
  <testcase classname="by.bsu.fitness.factory.TrainingBuilderTest" name="testClassicBuildAssignsPositiveId" time="0.002"/>
  <testcase classname="by.bsu.fitness.factory.TrainingBuilderTest" name="testClassicBuildReturnsNotNull" time="0.002"/>
  <testcase classname="by.bsu.fitness.factory.TrainingBuilderTest" name="testClassicBuildSetsClientId" time="0.002"/>
  <testcase classname="by.bsu.fitness.factory.TrainingBuilderTest" name="testClassicBuildSetsCoachName" time="0.002"/>
  <testcase classname="by.bsu.fitness.factory.TrainingBuilderTest" name="testClassicBuildSetsDuration" time="0.002"/>
  <testcase classname="by.bsu.fitness.factory.TrainingBuilderTest" name="testClassicBuildSetsState" time="0.002"/>
  <testcase classname="by.bsu.fitness.factory.TrainingBuilderTest" name="testClassicBuildSetsType" time="0.002"/>
  <testcase classname="by.bsu.fitness.factory.TrainingBuilderTest" name="testElegantBuilderReturnsNotNull" time="0.002"/>
  <testcase classname="by.bsu.fitness.factory.TrainingBuilderTest" name="testElegantBuilderSetsClientId" time="0.002"/>
  <testcase classname="by.bsu.fitness.factory.TrainingBuilderTest" name="testElegantBuilderSetsCoachName" time="0.002"/>
  <testcase classname="by.bsu.fitness.factory.TrainingBuilderTest" name="testElegantBuilderSetsType" time="0.001"/>
  <testcase classname="by.bsu.fitness.factory.TrainingBuilderTest" name="testGetDelegatesToBuild" time="0.001"/>
  <testcase classname="by.bsu.fitness.factory.TrainingBuilderTest" name="testOfFromSupplierCopiesClientId" time="0.004"/>
  <testcase classname="by.bsu.fitness.factory.TrainingBuilderTest" name="testOfFromSupplierCopiesCoachName" time="0.003"/>
  <testcase classname="by.bsu.fitness.factory.TrainingBuilderTest" name="testOptionalStepIsSupplier" time="0.006"/>
  <testcase classname="by.bsu.fitness.factory.TrainingBuilderTest" name="testTwoBuildsHaveDifferentIds" time="0.003"/>
  <testcase classname="by.bsu.fitness.validator.TrainingValidatorTest" name="testEmptyCoachNameReturnsFalse" time="0.003"/>
  <testcase classname="by.bsu.fitness.validator.TrainingValidatorTest" name="testNegativeClientIdReturnsFalse" time="0.002"/>
  <testcase classname="by.bsu.fitness.validator.TrainingValidatorTest" name="testNegativeDurationReturnsFalse" time="0.002"/>
  <testcase classname="by.bsu.fitness.validator.TrainingValidatorTest" name="testNullCoachNameReturnsFalse" time="0.002"/>
  <testcase classname="by.bsu.fitness.validator.TrainingValidatorTest" name="testNullTrainingReturnsFalse" time="0.001"/>
  <testcase classname="by.bsu.fitness.validator.TrainingValidatorTest" name="testValidTrainingReturnsTrue" time="0.002"/>
  <testcase classname="by.bsu.fitness.validator.TrainingValidatorTest" name="testValidatorImplementsValidatorInterface" time="0.0"/>
  <testcase classname="by.bsu.fitness.validator.TrainingValidatorTest" name="testZeroClientIdReturnsFalse" time="0.003"/>
  <testcase classname="by.bsu.fitness.validator.TrainingValidatorTest" name="testZeroDurationReturnsFalse" time="0.002"/>
  <testcase classname="by.bsu.fitness.validator.SubscriptionValidatorTest" name="testEndBeforeStartReturnsFalse" time="0.003"/>
  <testcase classname="by.bsu.fitness.validator.SubscriptionValidatorTest" name="testNegativeClientIdReturnsFalse" time="0.003"/>
  <testcase classname="by.bsu.fitness.validator.SubscriptionValidatorTest" name="testNullEndDateReturnsFalse" time="0.002"/>
  <testcase classname="by.bsu.fitness.validator.SubscriptionValidatorTest" name="testNullStartDateReturnsFalse" time="0.002"/>
  <testcase classname="by.bsu.fitness.validator.SubscriptionValidatorTest" name="testNullSubscriptionReturnsFalse" time="0.001"/>
  <testcase classname="by.bsu.fitness.validator.SubscriptionValidatorTest" name="testValidSubscriptionReturnsTrue" time="0.001"/>
  <testcase classname="by.bsu.fitness.validator.SubscriptionValidatorTest" name="testValidatorImplementsValidatorInterface" time="0.0"/>
  <testcase classname="by.bsu.fitness.validator.SubscriptionValidatorTest" name="testZeroClientIdReturnsFalse" time="0.001"/>
  <testcase classname="by.bsu.fitness.validator.DataValidatorTest" name="testFiveFieldsLineIsValid" time="0.001"/>
  <testcase classname="by.bsu.fitness.validator.DataValidatorTest" name="testInvalidLineReturnsFalse" time="0.002"/>
  <testcase classname="by.bsu.fitness.validator.DataValidatorTest" name="testInvalidLineReturnsFalse" time="0.001"/>
  <testcase classname="by.bsu.fitness.validator.DataValidatorTest" name="testInvalidLineReturnsFalse" time="0.001"/>
  <testcase classname="by.bsu.fitness.validator.DataValidatorTest" name="testInvalidLineReturnsFalse" time="0.001"/>
  <testcase classname="by.bsu.fitness.validator.DataValidatorTest" name="testValidLineReturnsTrue" time="0.002"/>
  <testcase classname="by.bsu.fitness.validator.DataValidatorTest" name="testValidLineReturnsTrue" time="0.001"/>
  <testcase classname="by.bsu.fitness.validator.DataValidatorTest" name="testValidLineReturnsTrue" time="0.001"/>
  <testcase classname="by.bsu.fitness.validator.DataValidatorTest" name="testValidatorImplementsValidatorInterface" time="0.001"/>
  <testcase classname="by.bsu.fitness.repository.ClientRepositoryTest" name="testAddMultipleClientsCanFindSecond" time="0.009"/>
  <testcase classname="by.bsu.fitness.repository.ClientRepositoryTest" name="testFindByIdAbsentClientReturnsEmpty" time="0.002"/>
  <testcase classname="by.bsu.fitness.repository.ClientRepositoryTest" name="testFindByIdAfterAddReturnsPresent" time="0.002"/>
  <testcase classname="by.bsu.fitness.repository.ClientRepositoryTest" name="testFindByIdReturnsCorrectClient" time="0.002"/>
  <testcase classname="by.bsu.fitness.repository.ClientRepositoryTest" name="testFindByIdReturnsCorrectId" time="0.001"/>
  <testcase classname="by.bsu.fitness.repository.ClientRepositoryTest" name="testFindByIdReturnsPhone" time="0.001"/>
  <testcase classname="by.bsu.fitness.repository.SubscriptionRepositoryTest" name="testFindByClientIdAbsentReturnsEmpty" time="0.002"/>
  <testcase classname="by.bsu.fitness.repository.SubscriptionRepositoryTest" name="testFindByClientIdAfterAddReturnsPresent" time="0.002"/>
  <testcase classname="by.bsu.fitness.repository.SubscriptionRepositoryTest" name="testFindByClientIdReturnsCorrectClientId" time="0.002"/>
  <testcase classname="by.bsu.fitness.repository.SubscriptionRepositoryTest" name="testFindByClientIdReturnsCorrectState" time="0.001"/>
  <testcase classname="by.bsu.fitness.repository.SubscriptionRepositoryTest" name="testFindByIdAbsentReturnsEmpty" time="0.002"/>
  <testcase classname="by.bsu.fitness.repository.SubscriptionRepositoryTest" name="testFindByIdAfterAddReturnsPresent" time="0.001"/>
  <testcase classname="by.bsu.fitness.repository.SubscriptionRepositoryTest" name="testFindByIdReturnsCorrectType" time="0.001"/>
  <testcase classname="by.bsu.fitness.repository.TrainingRepositoryTest" name="testAddAndFindAllReturnsOneElement" time="0.003"/>
  <testcase classname="by.bsu.fitness.repository.TrainingRepositoryTest" name="testAddNullThrowsRepositoryException" time="0.011"/>
  <testcase classname="by.bsu.fitness.repository.TrainingRepositoryTest" name="testAddTwoFindAllReturnsTwoElements" time="0.003"/>
  <testcase classname="by.bsu.fitness.repository.TrainingRepositoryTest" name="testFindAllEmptyRepositoryReturnsEmptyList" time="0.001"/>
  <testcase classname="by.bsu.fitness.repository.TrainingRepositoryTest" name="testFindAllReturnsDefensiveCopy" time="0.001"/>
  <testcase classname="by.bsu.fitness.repository.TrainingRepositoryTest" name="testQueryByClientIdSpecificationReturnsCorrectTraining" time="0.004"/>
  <testcase classname="by.bsu.fitness.repository.TrainingRepositoryTest" name="testQueryByClientIdSpecificationReturnsMatchingTrainings" time="0.003"/>
  <testcase classname="by.bsu.fitness.repository.TrainingRepositoryTest" name="testQueryNoMatchReturnsEmpty" time="0.002"/>
  <testcase classname="by.bsu.fitness.repository.TrainingRepositoryTest" name="testSortByDurationAscendingFirstElementIsSmallest" time="0.004"/>
  <testcase classname="by.bsu.fitness.repository.TrainingRepositoryTest" name="testSortByDurationDescendingFirstElementIsLargest" time="0.006"/>
  <testcase classname="by.bsu.fitness.service.SubscriptionServiceTest" name="testActivateChangesStateActive" time="0.009"/>
  <testcase classname="by.bsu.fitness.service.SubscriptionServiceTest" name="testActivateNotFoundThrowsServiceException" time="0.003"/>
  <testcase classname="by.bsu.fitness.service.SubscriptionServiceTest" name="testCheckExpirationFutureEndDateKeepsActiveState" time="0.005"/>
  <testcase classname="by.bsu.fitness.service.SubscriptionServiceTest" name="testCheckExpirationNotFoundThrowsServiceException" time="0.002"/>
  <testcase classname="by.bsu.fitness.service.SubscriptionServiceTest" name="testCreateSubscriptionInvalidClientIdThrowsServiceException" time="0.002"/>
  <testcase classname="by.bsu.fitness.service.SubscriptionServiceTest" name="testCreateSubscriptionReturnsActiveState" time="0.001"/>
  <testcase classname="by.bsu.fitness.service.SubscriptionServiceTest" name="testCreateSubscriptionReturnsCorrectClientId" time="0.002"/>
  <testcase classname="by.bsu.fitness.service.SubscriptionServiceTest" name="testCreateSubscriptionReturnsNonNull" time="0.003"/>
  <testcase classname="by.bsu.fitness.service.SubscriptionServiceTest" name="testCreateSubscriptionYearlyTypeReturnsCorrectType" time="0.002"/>
  <testcase classname="by.bsu.fitness.service.SubscriptionServiceTest" name="testFreezeChangesStateFrozen" time="0.003"/>
  <testcase classname="by.bsu.fitness.service.SubscriptionServiceTest" name="testFreezeNotFoundThrowsServiceException" time="0.002"/>
  <testcase classname="by.bsu.fitness.service.TrainingServiceTest" name="testRegisterPersonalTrainingSuccessAddsToRepository" time="0.009"/>
  <testcase classname="by.bsu.fitness.service.TrainingServiceTest" name="testRegisterTrainingExpiredSubscriptionThrowsServiceException" time="0.002"/>
  <testcase classname="by.bsu.fitness.service.TrainingServiceTest" name="testRegisterTrainingFrozenSubscriptionThrowsServiceException" time="0.002"/>
  <testcase classname="by.bsu.fitness.service.TrainingServiceTest" name="testRegisterTrainingNoSubscriptionThrowsServiceException" time="0.002"/>
  <testcase classname="by.bsu.fitness.service.TrainingServiceTest" name="testRegisterTrainingNullThrowsServiceException" time="0.001"/>
  <testcase classname="by.bsu.fitness.service.TrainingServiceTest" name="testRegisterTrainingSuccessAddsToRepository" time="0.007"/>
  <testcase classname="by.bsu.fitness.service.NotificationServiceTest" name="testServiceImplementsNotificationService" time="0.0"/>
  <testcase classname="by.bsu.fitness.service.NotificationServiceTest" name="testSubscribeClientCallsAddObserverOnce" time="0.004"/>
  <testcase classname="by.bsu.fitness.service.NotificationServiceTest" name="testSubscribeClientTwiceCallsAddObserverTwice" time="0.002"/>
  <testcase classname="by.bsu.fitness.service.NotificationServiceTest" name="testUnsubscribeClientCallsRemoveObserverOnce" time="0.002"/>
  <testcase classname="by.bsu.fitness.observer.ClientObserverTest" name="testClientObserverImplementsObserver" time="0.0"/>
  <testcase classname="by.bsu.fitness.observer.ClientObserverTest" name="testGetClientReturnsCorrectId" time="0.0"/>
  <testcase classname="by.bsu.fitness.observer.ClientObserverTest" name="testGetClientReturnsCorrectName" time="0.001"/>
  <testcase classname="by.bsu.fitness.observer.ClientObserverTest" name="testGetClientReturnsNotNull" time="0.001"/>
  <testcase classname="by.bsu.fitness.observer.ClientObserverTest" name="testGetClientReturnsSameReference" time="0.0"/>
  <testcase classname="by.bsu.fitness.observer.ClientObserverTest" name="testUpdateDoesNotChangeClient" time="0.001"/>
  <testcase classname="by.bsu.fitness.observer.TrainingScheduleObservableTest" name="testNoObserversNoNotification" time="0.0"/>
  <testcase classname="by.bsu.fitness.observer.TrainingScheduleObservableTest" name="testNotifyCallsUpdate" time="0.002"/>
  <testcase classname="by.bsu.fitness.observer.TrainingScheduleObservableTest" name="testNotifyPassesCorrectTrainingId" time="0.002"/>
  <testcase classname="by.bsu.fitness.observer.TrainingScheduleObservableTest" name="testObservableImplementsObservable" time="0.001"/>
  <testcase classname="by.bsu.fitness.observer.TrainingScheduleObservableTest" name="testRemoveObserverPreventsNotification" time="0.003"/>
  <testcase classname="by.bsu.fitness.observer.TrainingScheduleObservableTest" name="testTwoObserversBothNotified" time="0.004"/>
  <testcase classname="by.bsu.fitness.specification.TrainingSpecificationTest" name="testByClientIdDoesNotMatchOtherClient" time="0.001"/>
  <testcase classname="by.bsu.fitness.specification.TrainingSpecificationTest" name="testByClientIdMatchesCorrectClient" time="0.001"/>
  <testcase classname="by.bsu.fitness.specification.TrainingSpecificationTest" name="testByCoachNameDoesNotMatchOtherName" time="0.004"/>
  <testcase classname="by.bsu.fitness.specification.TrainingSpecificationTest" name="testByCoachNameMatchesCorrectName" time="0.0"/>
  <testcase classname="by.bsu.fitness.specification.TrainingSpecificationTest" name="testByDateDoesNotMatchOtherDate" time="0.005"/>
  <testcase classname="by.bsu.fitness.specification.TrainingSpecificationTest" name="testByDateMatchesCorrectDate" time="0.001"/>
  <testcase classname="by.bsu.fitness.specification.TrainingSpecificationTest" name="testByDurationDoesNotMatchOtherDuration" time="0.005"/>
  <testcase classname="by.bsu.fitness.specification.TrainingSpecificationTest" name="testByDurationMatchesCorrectDuration" time="0.0"/>
  <testcase classname="by.bsu.fitness.specification.TrainingSpecificationTest" name="testByTypeDoesNotMatchPersonalType" time="0.004"/>
  <testcase classname="by.bsu.fitness.specification.TrainingSpecificationTest" name="testByTypeMatchesGroupType" time="0.0"/>
  <testcase classname="by.bsu.fitness.strategy.StrategyTest" name="testGroupStrategyExecuteDoesNotChangeState" time="0.001"/>
  <testcase classname="by.bsu.fitness.strategy.StrategyTest" name="testGroupStrategyImplementsTrainingStrategy" time="0.001"/>
  <testcase classname="by.bsu.fitness.strategy.StrategyTest" name="testPersonalStrategyExecuteDoesNotChangeState" time="0.0"/>
  <testcase classname="by.bsu.fitness.strategy.StrategyTest" name="testPersonalStrategyImplementsTrainingStrategy" time="0.0"/>
  <testcase classname="by.bsu.fitness.template.RegistrationTemplateTest" name="testGroupRegistrationNotifiesObservers" time="0.004"/>
  <testcase classname="by.bsu.fitness.template.RegistrationTemplateTest" name="testGroupRegistrationNotifiesWithCorrectTrainingId" time="0.003"/>
  <testcase classname="by.bsu.fitness.template.RegistrationTemplateTest" name="testPersonalRegistrationNotifiesObservers" time="0.004"/>
  <testcase classname="by.bsu.fitness.template.RegistrationTemplateTest" name="testPersonalRegistrationNotifiesWithCorrectTrainingId" time="0.004"/>
  <testcase classname="by.bsu.fitness.util.IdGeneratorTest" name="testNextIdIsNotZero" time="0.0"/>
  <testcase classname="by.bsu.fitness.util.IdGeneratorTest" name="testNextIdMonotonicallyIncreases" time="0.001"/>
  <testcase classname="by.bsu.fitness.util.IdGeneratorTest" name="testNextIdReturnsPositiveValue" time="0.0"/>
  <testcase classname="by.bsu.fitness.util.IdGeneratorTest" name="testSuccessiveIdsAreDifferent" time="0.001"/>
  <testcase classname="by.bsu.fitness.util.TrainingFileReaderTest" name="testParseEmptyListReturnsEmptyTrainings" time="0.0"/>
  <testcase classname="by.bsu.fitness.util.TrainingFileReaderTest" name="testParseHeaderLineSkipped" time="0.001"/>
  <testcase classname="by.bsu.fitness.util.TrainingFileReaderTest" name="testParseInvalidLineAddsToErrors" time="0.002"/>
  <testcase classname="by.bsu.fitness.util.TrainingFileReaderTest" name="testParseInvalidLineReturnsEmptyTrainings" time="0.002"/>
  <testcase classname="by.bsu.fitness.util.TrainingFileReaderTest" name="testParseMultipleValidLinesReturnsAll" time="0.01"/>
  <testcase classname="by.bsu.fitness.util.TrainingFileReaderTest" name="testParseValidLineReturnsOneTraining" time="0.002"/>
  <testcase classname="by.bsu.fitness.util.TrainingFileReaderTest" name="testParsedTrainingHasCorrectClientId" time="0.002"/>
  <testcase classname="by.bsu.fitness.util.TrainingFileReaderTest" name="testParsedTrainingHasCorrectCoachName" time="0.006"/>
</testsuite> <!-- Command line test -->
