<?xml version="1.0" encoding="UTF-8"?>
<!-- Generated by org.testng.reporters.JUnitReportReporter -->
<testsuite hostname="Kseniaplehova" failures="0" tests="8" name="by.bsu.fitness.util.TrainingFileReaderTest" time="0.037" errors="0" timestamp="2026-05-27T23:05:09 MSK" skipped="0">
  <testcase classname="by.bsu.fitness.util.TrainingFileReaderTest" name="testParseInvalidLineReturnsEmptyTrainings" time="0.003"/>
  <testcase classname="by.bsu.fitness.util.TrainingFileReaderTest" name="testParseInvalidLineAddsToErrors" time="0.004"/>
  <testcase classname="by.bsu.fitness.util.TrainingFileReaderTest" name="testParseMultipleValidLinesReturnsAll" time="0.011"/>
  <testcase classname="by.bsu.fitness.util.TrainingFileReaderTest" name="testParsedTrainingHasCorrectCoachName" time="0.008"/>
  <testcase classname="by.bsu.fitness.util.TrainingFileReaderTest" name="testParseEmptyListReturnsEmptyTrainings" time="0.001"/>
  <testcase classname="by.bsu.fitness.util.TrainingFileReaderTest" name="testParsedTrainingHasCorrectClientId" time="0.002"/>
  <testcase classname="by.bsu.fitness.util.TrainingFileReaderTest" name="testParseValidLineReturnsOneTraining" time="0.006"/>
  <testcase classname="by.bsu.fitness.util.TrainingFileReaderTest" name="testParseHeaderLineSkipped" time="0.002"/>
</testsuite> <!-- by.bsu.fitness.util.TrainingFileReaderTest -->
