<?xml version="1.0" encoding="UTF-8"?>
<!-- Generated by org.testng.reporters.JUnitReportReporter -->
<testsuite hostname="Kseniaplehova" failures="0" tests="10" name="by.bsu.fitness.entity.ClientTest" time="1.533" errors="0" timestamp="2026-05-27T23:05:10 MSK" skipped="0">
  <testcase classname="by.bsu.fitness.entity.ClientTest" name="testHashCodeConsistentWithEquals" time="0.004"/>
  <testcase classname="by.bsu.fitness.entity.ClientTest" name="testEqualsIdenticalClients" time="0.015"/>
  <testcase classname="by.bsu.fitness.entity.ClientTest" name="testGetNameReturnsCorrectValue" time="0.003"/>
  <testcase classname="by.bsu.fitness.entity.ClientTest" name="testToStringContainsId" time="0.003"/>
  <testcase classname="by.bsu.fitness.entity.ClientTest" name="testGetPhoneReturnsCorrectValue" time="1.492"/>
  <testcase classname="by.bsu.fitness.entity.ClientTest" name="testSetPhoneUpdatesPhone" time="0.004"/>
  <testcase classname="by.bsu.fitness.entity.ClientTest" name="testToStringNotNull" time="0.003"/>
  <testcase classname="by.bsu.fitness.entity.ClientTest" name="testGetIdReturnsCorrectValue" time="0.002"/>
  <testcase classname="by.bsu.fitness.entity.ClientTest" name="testSetNameUpdatesName" time="0.004"/>
  <testcase classname="by.bsu.fitness.entity.ClientTest" name="testNotEqualsDifferentId" time="0.003"/>
</testsuite> <!-- by.bsu.fitness.entity.ClientTest -->
