<?xml version="1.0" encoding="UTF-8"?>
<!-- Generated by org.testng.reporters.JUnitReportReporter -->
<testsuite hostname="Kseniaplehova" failures="0" tests="4" name="by.bsu.fitness.service.NotificationServiceTest" time="0.018" errors="0" timestamp="2026-05-27T23:05:09 MSK" skipped="0">
  <testcase classname="by.bsu.fitness.service.NotificationServiceTest" name="testSubscribeClientTwiceCallsAddObserverTwice" time="0.003"/>
  <testcase classname="by.bsu.fitness.service.NotificationServiceTest" name="testSubscribeClientCallsAddObserverOnce" time="0.011"/>
  <testcase classname="by.bsu.fitness.service.NotificationServiceTest" name="testServiceImplementsNotificationService" time="0.001"/>
  <testcase classname="by.bsu.fitness.service.NotificationServiceTest" name="testUnsubscribeClientCallsRemoveObserverOnce" time="0.003"/>
</testsuite> <!-- by.bsu.fitness.service.NotificationServiceTest -->
