<?xml version="1.0" encoding="UTF-8"?>
<!-- Generated by org.testng.reporters.JUnitReportReporter -->
<testsuite hostname="Kseniaplehova" failures="0" tests="6" name="by.bsu.fitness.repository.ClientRepositoryTest" time="0.026" errors="0" timestamp="2026-05-27T23:05:10 MSK" skipped="0">
  <testcase classname="by.bsu.fitness.repository.ClientRepositoryTest" name="testAddMultipleClientsCanFindSecond" time="0.010"/>
  <testcase classname="by.bsu.fitness.repository.ClientRepositoryTest" name="testFindByIdAbsentClientReturnsEmpty" time="0.003"/>
  <testcase classname="by.bsu.fitness.repository.ClientRepositoryTest" name="testFindByIdAfterAddReturnsPresent" time="0.006"/>
  <testcase classname="by.bsu.fitness.repository.ClientRepositoryTest" name="testFindByIdReturnsCorrectId" time="0.002"/>
  <testcase classname="by.bsu.fitness.repository.ClientRepositoryTest" name="testFindByIdReturnsCorrectClient" time="0.003"/>
  <testcase classname="by.bsu.fitness.repository.ClientRepositoryTest" name="testFindByIdReturnsPhone" time="0.002"/>
</testsuite> <!-- by.bsu.fitness.repository.ClientRepositoryTest -->
