<?xml version="1.0" encoding="UTF-8"?>
<!-- Generated by org.testng.reporters.JUnitReportReporter -->
<testsuite hostname="Kseniaplehova" failures="0" tests="4" name="by.bsu.fitness.template.RegistrationTemplateTest" time="0.022" errors="0" timestamp="2026-05-27T23:05:10 MSK" skipped="0">
  <testcase classname="by.bsu.fitness.template.RegistrationTemplateTest" name="testPersonalRegistrationNotifiesObservers" time="0.005"/>
  <testcase classname="by.bsu.fitness.template.RegistrationTemplateTest" name="testPersonalRegistrationNotifiesWithCorrectTrainingId" time="0.006"/>
  <testcase classname="by.bsu.fitness.template.RegistrationTemplateTest" name="testGroupRegistrationNotifiesWithCorrectTrainingId" time="0.005"/>
  <testcase classname="by.bsu.fitness.template.RegistrationTemplateTest" name="testGroupRegistrationNotifiesObservers" time="0.006"/>
</testsuite> <!-- by.bsu.fitness.template.RegistrationTemplateTest -->
