<?xml version="1.0" encoding="UTF-8"?>
<!-- Generated by org.testng.reporters.JUnitReportReporter -->
<testsuite hostname="Kseniaplehova" failures="0" tests="8" name="by.bsu.fitness.validator.SubscriptionValidatorTest" time="0.021" errors="0" timestamp="2026-05-27T23:05:10 MSK" skipped="0">
  <testcase classname="by.bsu.fitness.validator.SubscriptionValidatorTest" name="testZeroClientIdReturnsFalse" time="0.004"/>
  <testcase classname="by.bsu.fitness.validator.SubscriptionValidatorTest" name="testValidSubscriptionReturnsTrue" time="0.002"/>
  <testcase classname="by.bsu.fitness.validator.SubscriptionValidatorTest" name="testNegativeClientIdReturnsFalse" time="0.004"/>
  <testcase classname="by.bsu.fitness.validator.SubscriptionValidatorTest" name="testNullEndDateReturnsFalse" time="0.002"/>
  <testcase classname="by.bsu.fitness.validator.SubscriptionValidatorTest" name="testValidatorImplementsValidatorInterface" time="0.000"/>
  <testcase classname="by.bsu.fitness.validator.SubscriptionValidatorTest" name="testEndBeforeStartReturnsFalse" time="0.004"/>
  <testcase classname="by.bsu.fitness.validator.SubscriptionValidatorTest" name="testNullStartDateReturnsFalse" time="0.003"/>
  <testcase classname="by.bsu.fitness.validator.SubscriptionValidatorTest" name="testNullSubscriptionReturnsFalse" time="0.002"/>
</testsuite> <!-- by.bsu.fitness.validator.SubscriptionValidatorTest -->
