<?xml version="1.0" encoding="UTF-8"?>
<!-- Generated by org.testng.reporters.JUnitReportReporter -->
<testsuite hostname="Kseniaplehova" failures="0" tests="11" name="by.bsu.fitness.service.SubscriptionServiceTest" time="0.047" errors="0" timestamp="2026-05-27T23:05:10 MSK" skipped="0">
  <testcase classname="by.bsu.fitness.service.SubscriptionServiceTest" name="testActivateChangesStateActive" time="0.010"/>
  <testcase classname="by.bsu.fitness.service.SubscriptionServiceTest" name="testCreateSubscriptionInvalidClientIdThrowsServiceException" time="0.003"/>
  <testcase classname="by.bsu.fitness.service.SubscriptionServiceTest" name="testFreezeNotFoundThrowsServiceException" time="0.003"/>
  <testcase classname="by.bsu.fitness.service.SubscriptionServiceTest" name="testCreateSubscriptionYearlyTypeReturnsCorrectType" time="0.003"/>
  <testcase classname="by.bsu.fitness.service.SubscriptionServiceTest" name="testCreateSubscriptionReturnsActiveState" time="0.002"/>
  <testcase classname="by.bsu.fitness.service.SubscriptionServiceTest" name="testActivateNotFoundThrowsServiceException" time="0.004"/>
  <testcase classname="by.bsu.fitness.service.SubscriptionServiceTest" name="testFreezeChangesStateFrozen" time="0.006"/>
  <testcase classname="by.bsu.fitness.service.SubscriptionServiceTest" name="testCheckExpirationFutureEndDateKeepsActiveState" time="0.006"/>
  <testcase classname="by.bsu.fitness.service.SubscriptionServiceTest" name="testCreateSubscriptionReturnsCorrectClientId" time="0.003"/>
  <testcase classname="by.bsu.fitness.service.SubscriptionServiceTest" name="testCreateSubscriptionReturnsNonNull" time="0.004"/>
  <testcase classname="by.bsu.fitness.service.SubscriptionServiceTest" name="testCheckExpirationNotFoundThrowsServiceException" time="0.003"/>
</testsuite> <!-- by.bsu.fitness.service.SubscriptionServiceTest -->
