<?xml version="1.0" encoding="UTF-8"?>
<!-- Generated by org.testng.reporters.JUnitReportReporter -->
<testsuite hostname="Kseniaplehova" failures="0" tests="14" name="by.bsu.fitness.entity.TrainingTest" time="0.046" errors="0" timestamp="2026-05-27T23:05:10 MSK" skipped="0">
  <testcase classname="by.bsu.fitness.entity.TrainingTest" name="testGetDurationMinutesReturnsCorrectValue" time="0.002"/>
  <testcase classname="by.bsu.fitness.entity.TrainingTest" name="testHashCodeConsistentWithEquals" time="0.003"/>
  <testcase classname="by.bsu.fitness.entity.TrainingTest" name="testSetStateCanceled" time="0.003"/>
  <testcase classname="by.bsu.fitness.entity.TrainingTest" name="testNotEqualsDifferentId" time="0.002"/>
  <testcase classname="by.bsu.fitness.entity.TrainingTest" name="testGetDateTimeReturnsCorrectValue" time="0.003"/>
  <testcase classname="by.bsu.fitness.entity.TrainingTest" name="testSetStateActive" time="0.002"/>
  <testcase classname="by.bsu.fitness.entity.TrainingTest" name="testGetTypeGroup" time="0.003"/>
  <testcase classname="by.bsu.fitness.entity.TrainingTest" name="testGetClientIdReturnsCorrectValue" time="0.001"/>
  <testcase classname="by.bsu.fitness.entity.TrainingTest" name="testGetIdReturnsCorrectValue" time="0.002"/>
  <testcase classname="by.bsu.fitness.entity.TrainingTest" name="testSetStateFinished" time="0.003"/>
  <testcase classname="by.bsu.fitness.entity.TrainingTest" name="testGetCoachNameReturnsCorrectValue" time="0.003"/>
  <testcase classname="by.bsu.fitness.entity.TrainingTest" name="testToStringNotNull" time="0.015"/>
  <testcase classname="by.bsu.fitness.entity.TrainingTest" name="testGetStatePlanned" time="0.001"/>
  <testcase classname="by.bsu.fitness.entity.TrainingTest" name="testEqualsIdenticalTrainings" time="0.003"/>
</testsuite> <!-- by.bsu.fitness.entity.TrainingTest -->
