<?xml version="1.0" encoding="UTF-8"?>
<!-- Generated by org.testng.reporters.JUnitReportReporter -->
<testsuite hostname="Kseniaplehova" failures="0" tests="6" name="by.bsu.fitness.observer.TrainingScheduleObservableTest" time="0.019" errors="0" timestamp="2026-05-27T23:05:10 MSK" skipped="0">
  <testcase classname="by.bsu.fitness.observer.TrainingScheduleObservableTest" name="testNotifyPassesCorrectTrainingId" time="0.003"/>
  <testcase classname="by.bsu.fitness.observer.TrainingScheduleObservableTest" name="testNotifyCallsUpdate" time="0.003"/>
  <testcase classname="by.bsu.fitness.observer.TrainingScheduleObservableTest" name="testNoObserversNoNotification" time="0.001"/>
  <testcase classname="by.bsu.fitness.observer.TrainingScheduleObservableTest" name="testRemoveObserverPreventsNotification" time="0.005"/>
  <testcase classname="by.bsu.fitness.observer.TrainingScheduleObservableTest" name="testObservableImplementsObservable" time="0.002"/>
  <testcase classname="by.bsu.fitness.observer.TrainingScheduleObservableTest" name="testTwoObserversBothNotified" time="0.005"/>
</testsuite> <!-- by.bsu.fitness.observer.TrainingScheduleObservableTest -->
