<?xml version="1.0" encoding="UTF-8"?>
<!-- Generated by org.testng.reporters.JUnitReportReporter -->
<testsuite hostname="Kseniaplehova" failures="0" tests="12" name="by.bsu.fitness.entity.SubscriptionTest" time="0.039" errors="0" timestamp="2026-05-27T23:05:09 MSK" skipped="0">
  <testcase classname="by.bsu.fitness.entity.SubscriptionTest" name="testNotEqualsDifferentId" time="0.015"/>
  <testcase classname="by.bsu.fitness.entity.SubscriptionTest" name="testHashCodeConsistentWithEquals" time="0.003"/>
  <testcase classname="by.bsu.fitness.entity.SubscriptionTest" name="testToStringNotNull" time="0.001"/>
  <testcase classname="by.bsu.fitness.entity.SubscriptionTest" name="testGetStateReturnsActive" time="0.004"/>
  <testcase classname="by.bsu.fitness.entity.SubscriptionTest" name="testGetClientIdReturnsCorrectValue" time="0.003"/>
  <testcase classname="by.bsu.fitness.entity.SubscriptionTest" name="testEqualsIdenticalSubscriptions" time="0.002"/>
  <testcase classname="by.bsu.fitness.entity.SubscriptionTest" name="testGetStartDateReturnsCorrectValue" time="0.002"/>
  <testcase classname="by.bsu.fitness.entity.SubscriptionTest" name="testGetTypeReturnsCorrectValue" time="0.001"/>
  <testcase classname="by.bsu.fitness.entity.SubscriptionTest" name="testGetIdReturnsCorrectValue" time="0.001"/>
  <testcase classname="by.bsu.fitness.entity.SubscriptionTest" name="testGetEndDateReturnsCorrectValue" time="0.002"/>
  <testcase classname="by.bsu.fitness.entity.SubscriptionTest" name="testSetStateExpired" time="0.002"/>
  <testcase classname="by.bsu.fitness.entity.SubscriptionTest" name="testSetStateFrozen" time="0.003"/>
</testsuite> <!-- by.bsu.fitness.entity.SubscriptionTest -->
