<?xml version="1.0" encoding="UTF-8"?>
<!-- Generated by org.testng.reporters.JUnitReportReporter -->
<testsuite hostname="Kseniaplehova" failures="0" tests="12" name="by.bsu.fitness.exception.ExceptionTest" time="0.019" errors="0" timestamp="2026-05-27T23:05:10 MSK" skipped="0">
  <testcase classname="by.bsu.fitness.exception.ExceptionTest" name="testFitnessExceptionMessage" time="0.001"/>
  <testcase classname="by.bsu.fitness.exception.ExceptionTest" name="testRepositoryExceptionIsFitnessException" time="0.001"/>
  <testcase classname="by.bsu.fitness.exception.ExceptionTest" name="testValidationExceptionMessage" time="0.001"/>
  <testcase classname="by.bsu.fitness.exception.ExceptionTest" name="testValidationExceptionIsFitnessException" time="0.003"/>
  <testcase classname="by.bsu.fitness.exception.ExceptionTest" name="testValidationExceptionWithCause" time="0.001"/>
  <testcase classname="by.bsu.fitness.exception.ExceptionTest" name="testFitnessExceptionCause" time="0.002"/>
  <testcase classname="by.bsu.fitness.exception.ExceptionTest" name="testRepositoryExceptionMessage" time="0.002"/>
  <testcase classname="by.bsu.fitness.exception.ExceptionTest" name="testServiceExceptionIsFitnessException" time="0.002"/>
  <testcase classname="by.bsu.fitness.exception.ExceptionTest" name="testFitnessExceptionIsException" time="0.002"/>
  <testcase classname="by.bsu.fitness.exception.ExceptionTest" name="testRepositoryExceptionWithCause" time="0.002"/>
  <testcase classname="by.bsu.fitness.exception.ExceptionTest" name="testServiceExceptionMessage" time="0.001"/>
  <testcase classname="by.bsu.fitness.exception.ExceptionTest" name="testServiceExceptionWithCause" time="0.001"/>
</testsuite> <!-- by.bsu.fitness.exception.ExceptionTest -->
