<?xml version="1.0" encoding="UTF-8"?>
<!-- Generated by org.testng.reporters.JUnitReportReporter -->
<testsuite hostname="Kseniaplehova" failures="0" tests="10" name="by.bsu.fitness.repository.TrainingRepositoryTest" time="0.046" errors="0" timestamp="2026-05-27T23:05:10 MSK" skipped="0">
  <testcase classname="by.bsu.fitness.repository.TrainingRepositoryTest" name="testQueryByClientIdSpecificationReturnsMatchingTrainings" time="0.006"/>
  <testcase classname="by.bsu.fitness.repository.TrainingRepositoryTest" name="testSortByDurationAscendingFirstElementIsSmallest" time="0.004"/>
  <testcase classname="by.bsu.fitness.repository.TrainingRepositoryTest" name="testAddNullThrowsRepositoryException" time="0.012"/>
  <testcase classname="by.bsu.fitness.repository.TrainingRepositoryTest" name="testFindAllReturnsDefensiveCopy" time="0.002"/>
  <testcase classname="by.bsu.fitness.repository.TrainingRepositoryTest" name="testAddTwoFindAllReturnsTwoElements" time="0.003"/>
  <testcase classname="by.bsu.fitness.repository.TrainingRepositoryTest" name="testQueryByClientIdSpecificationReturnsCorrectTraining" time="0.005"/>
  <testcase classname="by.bsu.fitness.repository.TrainingRepositoryTest" name="testAddAndFindAllReturnsOneElement" time="0.003"/>
  <testcase classname="by.bsu.fitness.repository.TrainingRepositoryTest" name="testFindAllEmptyRepositoryReturnsEmptyList" time="0.001"/>
  <testcase classname="by.bsu.fitness.repository.TrainingRepositoryTest" name="testSortByDurationDescendingFirstElementIsLargest" time="0.007"/>
  <testcase classname="by.bsu.fitness.repository.TrainingRepositoryTest" name="testQueryNoMatchReturnsEmpty" time="0.003"/>
</testsuite> <!-- by.bsu.fitness.repository.TrainingRepositoryTest -->
