<?xml version="1.0" encoding="UTF-8"?>
<!-- Generated by org.testng.reporters.JUnitReportReporter -->
<testsuite hostname="Kseniaplehova" failures="0" tests="19" name="by.bsu.fitness.factory.SubscriptionFactoryTest" time="0.084" errors="0" timestamp="2026-05-27T23:05:10 MSK" skipped="0">
  <testcase classname="by.bsu.fitness.factory.SubscriptionFactoryTest" name="testCreateSubscriptionEmptyForNegativeClientId" time="0.001"/>
  <testcase classname="by.bsu.fitness.factory.SubscriptionFactoryTest" name="testCreateSubscriptionMonthlyEndDate" time="0.003"/>
  <testcase classname="by.bsu.fitness.factory.SubscriptionFactoryTest" name="testCreateSubscriptionEmptyForZeroClientId" time="0.002"/>
  <testcase classname="by.bsu.fitness.factory.SubscriptionFactoryTest" name="testToSupplierWithTypeSupplierGetReturnsPresent" time="0.009"/>
  <testcase classname="by.bsu.fitness.factory.SubscriptionFactoryTest" name="testCreateSubscriptionClientIdSet" time="0.004"/>
  <testcase classname="by.bsu.fitness.factory.SubscriptionFactoryTest" name="testToSupplierWithTypeSupplierNotNull" time="0.003"/>
  <testcase classname="by.bsu.fitness.factory.SubscriptionFactoryTest" name="testToSupplierWithTypeGetReturnsPresent" time="0.002"/>
  <testcase classname="by.bsu.fitness.factory.SubscriptionFactoryTest" name="testCreateFromSupplierIsPresentForValidParams" time="0.008"/>
  <testcase classname="by.bsu.fitness.factory.SubscriptionFactoryTest" name="testCreateSubscriptionEmptyForNullType" time="0.004"/>
  <testcase classname="by.bsu.fitness.factory.SubscriptionFactoryTest" name="testCreateSubscriptionYearlyEndDate" time="0.002"/>
  <testcase classname="by.bsu.fitness.factory.SubscriptionFactoryTest" name="testCreateFromSupplierUsesProvidedType" time="0.005"/>
  <testcase classname="by.bsu.fitness.factory.SubscriptionFactoryTest" name="testCreateSubscriptionIsPresentForValidParams" time="0.002"/>
  <testcase classname="by.bsu.fitness.factory.SubscriptionFactoryTest" name="testCreateSubscriptionIsPresentForValidParams" time="0.005"/>
  <testcase classname="by.bsu.fitness.factory.SubscriptionFactoryTest" name="testToSupplierWithTypeNotNull" time="0.001"/>
  <testcase classname="by.bsu.fitness.factory.SubscriptionFactoryTest" name="testCreateSubscriptionIsPresentForValidParams" time="0.002"/>
  <testcase classname="by.bsu.fitness.factory.SubscriptionFactoryTest" name="testCreateSubscriptionVisitBasedEndDate" time="0.002"/>
  <testcase classname="by.bsu.fitness.factory.SubscriptionFactoryTest" name="testToSupplierWithTypeGetReturnsInvalidForBadClientId" time="0.016"/>
  <testcase classname="by.bsu.fitness.factory.SubscriptionFactoryTest" name="testCreateSubscriptionStateIsActive" time="0.007"/>
  <testcase classname="by.bsu.fitness.factory.SubscriptionFactoryTest" name="testCreateFromSupplierEmptyForNullSupplier" time="0.006"/>
</testsuite> <!-- by.bsu.fitness.factory.SubscriptionFactoryTest -->
