<?xml version="1.0" encoding="UTF-8"?>
<!-- Generated by org.testng.reporters.JUnitReportReporter -->
<testsuite hostname="Kseniaplehova" failures="0" tests="6" name="by.bsu.fitness.observer.ClientObserverTest" time="0.010" errors="0" timestamp="2026-05-27T23:05:09 MSK" skipped="0">
  <testcase classname="by.bsu.fitness.observer.ClientObserverTest" name="testClientObserverImplementsObserver" time="0.001"/>
  <testcase classname="by.bsu.fitness.observer.ClientObserverTest" name="testGetClientReturnsCorrectId" time="0.001"/>
  <testcase classname="by.bsu.fitness.observer.ClientObserverTest" name="testGetClientReturnsSameReference" time="0.002"/>
  <testcase classname="by.bsu.fitness.observer.ClientObserverTest" name="testGetClientReturnsNotNull" time="0.002"/>
  <testcase classname="by.bsu.fitness.observer.ClientObserverTest" name="testGetClientReturnsCorrectName" time="0.002"/>
  <testcase classname="by.bsu.fitness.observer.ClientObserverTest" name="testUpdateDoesNotChangeClient" time="0.002"/>
</testsuite> <!-- by.bsu.fitness.observer.ClientObserverTest -->
