<?xml version="1.0" encoding="UTF-8"?>
<!-- Generated by org.testng.reporters.JUnitReportReporter -->
<testsuite hostname="Kseniaplehova" failures="0" tests="7" name="by.bsu.fitness.repository.SubscriptionRepositoryTest" time="0.020" errors="0" timestamp="2026-05-27T23:05:10 MSK" skipped="0">
  <testcase classname="by.bsu.fitness.repository.SubscriptionRepositoryTest" name="testFindByIdReturnsCorrectType" time="0.002"/>
  <testcase classname="by.bsu.fitness.repository.SubscriptionRepositoryTest" name="testFindByClientIdReturnsCorrectClientId" time="0.002"/>
  <testcase classname="by.bsu.fitness.repository.SubscriptionRepositoryTest" name="testFindByClientIdAfterAddReturnsPresent" time="0.003"/>
  <testcase classname="by.bsu.fitness.repository.SubscriptionRepositoryTest" name="testFindByIdAbsentReturnsEmpty" time="0.006"/>
  <testcase classname="by.bsu.fitness.repository.SubscriptionRepositoryTest" name="testFindByClientIdReturnsCorrectState" time="0.002"/>
  <testcase classname="by.bsu.fitness.repository.SubscriptionRepositoryTest" name="testFindByClientIdAbsentReturnsEmpty" time="0.003"/>
  <testcase classname="by.bsu.fitness.repository.SubscriptionRepositoryTest" name="testFindByIdAfterAddReturnsPresent" time="0.002"/>
</testsuite> <!-- by.bsu.fitness.repository.SubscriptionRepositoryTest -->
