<?xml version="1.0" encoding="UTF-8"?>
<!-- Generated by org.testng.reporters.JUnitReportReporter -->
<testsuite hostname="Kseniaplehova" failures="0" tests="17" name="by.bsu.fitness.factory.TrainingBuilderTest" time="0.053" errors="0" timestamp="2026-05-27T23:05:10 MSK" skipped="0">
  <testcase classname="by.bsu.fitness.factory.TrainingBuilderTest" name="testElegantBuilderSetsClientId" time="0.002"/>
  <testcase classname="by.bsu.fitness.factory.TrainingBuilderTest" name="testElegantBuilderSetsType" time="0.001"/>
  <testcase classname="by.bsu.fitness.factory.TrainingBuilderTest" name="testElegantBuilderSetsCoachName" time="0.002"/>
  <testcase classname="by.bsu.fitness.factory.TrainingBuilderTest" name="testClassicBuildAssignsPositiveId" time="0.002"/>
  <testcase classname="by.bsu.fitness.factory.TrainingBuilderTest" name="testClassicBuildReturnsNotNull" time="0.002"/>
  <testcase classname="by.bsu.fitness.factory.TrainingBuilderTest" name="testClassicBuildSetsState" time="0.002"/>
  <testcase classname="by.bsu.fitness.factory.TrainingBuilderTest" name="testClassicBuildSetsClientId" time="0.002"/>
  <testcase classname="by.bsu.fitness.factory.TrainingBuilderTest" name="testOptionalStepIsSupplier" time="0.006"/>
  <testcase classname="by.bsu.fitness.factory.TrainingBuilderTest" name="testClassicBuildSetsCoachName" time="0.002"/>
  <testcase classname="by.bsu.fitness.factory.TrainingBuilderTest" name="testGetDelegatesToBuild" time="0.001"/>
  <testcase classname="by.bsu.fitness.factory.TrainingBuilderTest" name="testOfFromSupplierCopiesClientId" time="0.004"/>
  <testcase classname="by.bsu.fitness.factory.TrainingBuilderTest" name="testOfFromSupplierCopiesCoachName" time="0.003"/>
  <testcase classname="by.bsu.fitness.factory.TrainingBuilderTest" name="testElegantBuilderReturnsNotNull" time="0.002"/>
  <testcase classname="by.bsu.fitness.factory.TrainingBuilderTest" name="testTwoBuildsHaveDifferentIds" time="0.003"/>
  <testcase classname="by.bsu.fitness.factory.TrainingBuilderTest" name="testClassicBuildSetsType" time="0.002"/>
  <testcase classname="by.bsu.fitness.factory.TrainingBuilderTest" name="testClassicBuildSetsDuration" time="0.002"/>
  <testcase classname="by.bsu.fitness.factory.TrainingBuilderTest" name="testBuilderAsSupplierReturnsTraining" time="0.015"/>
</testsuite> <!-- by.bsu.fitness.factory.TrainingBuilderTest -->
