<?xml version="1.0" encoding="UTF-8"?>
<!-- Generated by org.testng.reporters.JUnitReportReporter -->
<testsuite hostname="Kseniaplehova" failures="0" tests="4" name="by.bsu.fitness.util.IdGeneratorTest" time="0.002" errors="0" timestamp="2026-05-27T23:05:10 MSK" skipped="0">
  <testcase classname="by.bsu.fitness.util.IdGeneratorTest" name="testNextIdIsNotZero" time="0.000"/>
  <testcase classname="by.bsu.fitness.util.IdGeneratorTest" name="testNextIdMonotonicallyIncreases" time="0.001"/>
  <testcase classname="by.bsu.fitness.util.IdGeneratorTest" name="testNextIdReturnsPositiveValue" time="0.000"/>
  <testcase classname="by.bsu.fitness.util.IdGeneratorTest" name="testSuccessiveIdsAreDifferent" time="0.001"/>
</testsuite> <!-- by.bsu.fitness.util.IdGeneratorTest -->
