<?xml version="1.0" encoding="UTF-8"?>
<!-- Generated by org.testng.reporters.JUnitReportReporter -->
<testsuite hostname="Kseniaplehova" failures="0" tests="9" name="by.bsu.fitness.validator.TrainingValidatorTest" time="0.024" errors="0" timestamp="2026-05-27T23:05:10 MSK" skipped="0">
  <testcase classname="by.bsu.fitness.validator.TrainingValidatorTest" name="testValidTrainingReturnsTrue" time="0.003"/>
  <testcase classname="by.bsu.fitness.validator.TrainingValidatorTest" name="testValidatorImplementsValidatorInterface" time="0.000"/>
  <testcase classname="by.bsu.fitness.validator.TrainingValidatorTest" name="testNegativeDurationReturnsFalse" time="0.005"/>
  <testcase classname="by.bsu.fitness.validator.TrainingValidatorTest" name="testNullCoachNameReturnsFalse" time="0.003"/>
  <testcase classname="by.bsu.fitness.validator.TrainingValidatorTest" name="testZeroClientIdReturnsFalse" time="0.004"/>
  <testcase classname="by.bsu.fitness.validator.TrainingValidatorTest" name="testNullTrainingReturnsFalse" time="0.001"/>
  <testcase classname="by.bsu.fitness.validator.TrainingValidatorTest" name="testEmptyCoachNameReturnsFalse" time="0.004"/>
  <testcase classname="by.bsu.fitness.validator.TrainingValidatorTest" name="testZeroDurationReturnsFalse" time="0.002"/>
  <testcase classname="by.bsu.fitness.validator.TrainingValidatorTest" name="testNegativeClientIdReturnsFalse" time="0.002"/>
</testsuite> <!-- by.bsu.fitness.validator.TrainingValidatorTest -->
