<?xml version="1.0" encoding="UTF-8"?>
<!-- Generated by org.testng.reporters.JUnitReportReporter -->
<testsuite hostname="Kseniaplehova" failures="0" tests="6" name="by.bsu.fitness.service.TrainingServiceTest" time="0.042" errors="0" timestamp="2026-05-27T23:05:10 MSK" skipped="0">
  <testcase classname="by.bsu.fitness.service.TrainingServiceTest" name="testRegisterTrainingSuccessAddsToRepository" time="0.008"/>
  <testcase classname="by.bsu.fitness.service.TrainingServiceTest" name="testRegisterTrainingNoSubscriptionThrowsServiceException" time="0.004"/>
  <testcase classname="by.bsu.fitness.service.TrainingServiceTest" name="testRegisterTrainingFrozenSubscriptionThrowsServiceException" time="0.014"/>
  <testcase classname="by.bsu.fitness.service.TrainingServiceTest" name="testRegisterPersonalTrainingSuccessAddsToRepository" time="0.010"/>
  <testcase classname="by.bsu.fitness.service.TrainingServiceTest" name="testRegisterTrainingExpiredSubscriptionThrowsServiceException" time="0.004"/>
  <testcase classname="by.bsu.fitness.service.TrainingServiceTest" name="testRegisterTrainingNullThrowsServiceException" time="0.002"/>
</testsuite> <!-- by.bsu.fitness.service.TrainingServiceTest -->
