<?xml version="1.0" encoding="UTF-8"?>
<!-- Generated by org.testng.reporters.JUnitReportReporter -->
<testsuite hostname="Kseniaplehova" failures="0" tests="9" name="by.bsu.fitness.validator.DataValidatorTest" time="0.016" errors="0" timestamp="2026-05-27T23:05:09 MSK" skipped="0">
  <testcase classname="by.bsu.fitness.validator.DataValidatorTest" name="testValidLineReturnsTrue" time="0.001"/>
  <testcase classname="by.bsu.fitness.validator.DataValidatorTest" name="testValidLineReturnsTrue" time="0.002"/>
  <testcase classname="by.bsu.fitness.validator.DataValidatorTest" name="testValidLineReturnsTrue" time="0.002"/>
  <testcase classname="by.bsu.fitness.validator.DataValidatorTest" name="testInvalidLineReturnsFalse" time="0.004"/>
  <testcase classname="by.bsu.fitness.validator.DataValidatorTest" name="testInvalidLineReturnsFalse" time="0.002"/>
  <testcase classname="by.bsu.fitness.validator.DataValidatorTest" name="testValidatorImplementsValidatorInterface" time="0.001"/>
  <testcase classname="by.bsu.fitness.validator.DataValidatorTest" name="testFiveFieldsLineIsValid" time="0.001"/>
  <testcase classname="by.bsu.fitness.validator.DataValidatorTest" name="testInvalidLineReturnsFalse" time="0.002"/>
  <testcase classname="by.bsu.fitness.validator.DataValidatorTest" name="testInvalidLineReturnsFalse" time="0.001"/>
</testsuite> <!-- by.bsu.fitness.validator.DataValidatorTest -->
