<?xml version="1.0" encoding="UTF-8"?>
<!-- Generated by org.testng.reporters.JUnitReportReporter -->
<testsuite hostname="Kseniaplehova" failures="0" tests="10" name="by.bsu.fitness.specification.TrainingSpecificationTest" time="0.036" errors="0" timestamp="2026-05-27T23:05:09 MSK" skipped="0">
  <testcase classname="by.bsu.fitness.specification.TrainingSpecificationTest" name="testByDurationMatchesCorrectDuration" time="0.001"/>
  <testcase classname="by.bsu.fitness.specification.TrainingSpecificationTest" name="testByTypeDoesNotMatchPersonalType" time="0.005"/>
  <testcase classname="by.bsu.fitness.specification.TrainingSpecificationTest" name="testByTypeMatchesGroupType" time="0.001"/>
  <testcase classname="by.bsu.fitness.specification.TrainingSpecificationTest" name="testByDateMatchesCorrectDate" time="0.002"/>
  <testcase classname="by.bsu.fitness.specification.TrainingSpecificationTest" name="testByCoachNameDoesNotMatchOtherName" time="0.005"/>
  <testcase classname="by.bsu.fitness.specification.TrainingSpecificationTest" name="testByClientIdDoesNotMatchOtherClient" time="0.002"/>
  <testcase classname="by.bsu.fitness.specification.TrainingSpecificationTest" name="testByDurationDoesNotMatchOtherDuration" time="0.006"/>
  <testcase classname="by.bsu.fitness.specification.TrainingSpecificationTest" name="testByClientIdMatchesCorrectClient" time="0.002"/>
  <testcase classname="by.bsu.fitness.specification.TrainingSpecificationTest" name="testByCoachNameMatchesCorrectName" time="0.000"/>
  <testcase classname="by.bsu.fitness.specification.TrainingSpecificationTest" name="testByDateDoesNotMatchOtherDate" time="0.012"/>
</testsuite> <!-- by.bsu.fitness.specification.TrainingSpecificationTest -->
