<?xml version="1.0" encoding="UTF-8"?>
<!-- Generated by org.testng.reporters.JUnitReportReporter -->
<testsuite hostname="Kseniaplehova" failures="0" tests="4" name="by.bsu.fitness.strategy.StrategyTest" time="0.006" errors="0" timestamp="2026-05-27T23:05:10 MSK" skipped="0">
  <testcase classname="by.bsu.fitness.strategy.StrategyTest" name="testPersonalStrategyImplementsTrainingStrategy" time="0.001"/>
  <testcase classname="by.bsu.fitness.strategy.StrategyTest" name="testPersonalStrategyExecuteDoesNotChangeState" time="0.001"/>
  <testcase classname="by.bsu.fitness.strategy.StrategyTest" name="testGroupStrategyImplementsTrainingStrategy" time="0.002"/>
  <testcase classname="by.bsu.fitness.strategy.StrategyTest" name="testGroupStrategyExecuteDoesNotChangeState" time="0.002"/>
</testsuite> <!-- by.bsu.fitness.strategy.StrategyTest -->
